<?xml version="1.0" encoding="UTF-8"?>
<testng-results ignored="0" total="1" passed="1" failed="0" skipped="0">
  <reporter-output>
  </reporter-output>
  <suite started-at="2022-09-11T22:18:28 IST" name="Default suite" finished-at="2022-09-11T22:18:28 IST" duration-ms="86">
    <groups>
    </groups>
    <test started-at="2022-09-11T22:18:28 IST" name="Default test" finished-at="2022-09-11T22:18:28 IST" duration-ms="86">
      <class name="testNGPractice.Prop">
        <test-method signature="test()[pri:0, instance:testNGPractice.Prop@20ce78ec]" started-at="2022-09-11T22:18:28 IST" name="test" finished-at="2022-09-11T22:18:28 IST" duration-ms="25" status="PASS">
          <reporter-output>
          </reporter-output>
        </test-method> <!-- test -->
      </class> <!-- testNGPractice.Prop -->
    </test> <!-- Default test -->
  </suite> <!-- Default suite -->
</testng-results>
